[   465.904] (WW) Failed to open protocol names file lib/xorg/protocol.txt
[   465.905] 
X.Org X Server 1.20.10
X Protocol Version 11, Revision 0
[   465.907] Build Operating System: Linux Arch Linux
[   465.908] Current Operating System: Linux archbtw 5.10.11-arch1-1 #1 SMP PREEMPT Wed, 27 Jan 2021 13:53:16 +0000 x86_64
[   465.908] Kernel command line: BOOT_IMAGE=/boot/vmlinuz-linux root=UUID=20cc9040-9b53-4a03-80b6-29944487e603 rw loglevel=3 quiet
[   465.909] Build Date: 14 December 2020  12:10:29PM
[   465.910]  
[   465.910] Current version of pixman: 0.40.0
[   465.912] 	Before reporting problems, check http://wiki.x.org
	to make sure that you have the latest version.
[   465.912] Markers: (--) probed, (**) from config file, (==) default setting,
	(++) from command line, (!!) notice, (II) informational,
	(WW) warning, (EE) error, (NI) not implemented, (??) unknown.
[   465.914] (==) Log file: "/home/cory/.local/share/xorg/Xorg.0.log", Time: Fri Jan 29 18:00:05 2021
[   465.918] (==) Using system config directory "/usr/share/X11/xorg.conf.d"
[   465.919] (==) No Layout section.  Using the first Screen section.
[   465.919] (==) No screen section available. Using defaults.
[   465.919] (**) |-->Screen "Default Screen Section" (0)
[   465.919] (**) |   |-->Monitor "<default monitor>"
[   465.919] (==) No monitor specified for screen "Default Screen Section".
	Using a default monitor configuration.
[   465.919] (==) Automatically adding devices
[   465.919] (==) Automatically enabling devices
[   465.919] (==) Automatically adding GPU devices
[   465.919] (==) Automatically binding GPU devices
[   465.919] (==) Max clients allowed: 256, resource mask: 0x1fffff
[   465.919] (WW) The directory "/usr/share/fonts/misc" does not exist.
[   465.919] 	Entry deleted from font path.
[   465.920] (WW) The directory "/usr/share/fonts/Type1" does not exist.
[   465.920] 	Entry deleted from font path.
[   465.922] (==) FontPath set to:
	/usr/share/fonts/TTF,
	/usr/share/fonts/OTF,
	/usr/share/fonts/100dpi,
	/usr/share/fonts/75dpi
[   465.922] (==) ModulePath set to "/usr/lib/xorg/modules"
[   465.922] (II) The server relies on udev to provide the list of input devices.
	If no devices become available, reconfigure udev or disable AutoAddDevices.
[   465.922] (II) Module ABI versions:
[   465.922] 	X.Org ANSI C Emulation: 0.4
[   465.922] 	X.Org Video Driver: 24.1
[   465.922] 	X.Org XInput driver : 24.1
[   465.922] 	X.Org Server Extension : 10.0
[   465.923] (++) using VT number 1

[   465.925] (II) systemd-logind: took control of session /org/freedesktop/login1/session/_31
[   465.926] (II) xfree86: Adding drm device (/dev/dri/card0)
[   465.927] (II) systemd-logind: got fd for /dev/dri/card0 226:0 fd 10 paused 0
[   465.929] (--) PCI:*(0@0:2:0) 15ad:0405:15ad:0405 rev 0, Mem @ 0x80000000/134217728, 0x88400000/2097152, I/O @ 0x0000c170/16, BIOS @ 0x????????/131072
[   465.929] (WW) Open ACPI failed (/var/run/acpid.socket) (No such file or directory)
[   465.929] (II) LoadModule: "glx"
[   465.931] (II) Loading /usr/lib/xorg/modules/extensions/libglx.so
[   465.944] (II) Module glx: vendor="X.Org Foundation"
[   465.944] 	compiled for 1.20.10, module version = 1.0.0
[   465.944] 	ABI class: X.Org Server Extension, version 10.0
[   465.944] (==) Matched vmware as autoconfigured driver 0
[   465.944] (==) Matched modesetting as autoconfigured driver 1
[   465.944] (==) Matched fbdev as autoconfigured driver 2
[   465.944] (==) Matched vesa as autoconfigured driver 3
[   465.944] (==) Assigned the driver to the xf86ConfigLayout
[   465.944] (II) LoadModule: "vmware"
[   465.944] (WW) Warning, couldn't open module vmware
[   465.944] (EE) Failed to load module "vmware" (module does not exist, 0)
[   465.944] (II) LoadModule: "modesetting"
[   465.944] (II) Loading /usr/lib/xorg/modules/drivers/modesetting_drv.so
[   465.950] (II) Module modesetting: vendor="X.Org Foundation"
[   465.950] 	compiled for 1.20.10, module version = 1.20.10
[   465.950] 	Module class: X.Org Video Driver
[   465.950] 	ABI class: X.Org Video Driver, version 24.1
[   465.950] (II) LoadModule: "fbdev"
[   465.950] (II) Loading /usr/lib/xorg/modules/drivers/fbdev_drv.so
[   465.951] (II) Module fbdev: vendor="X.Org Foundation"
[   465.951] 	compiled for 1.20.8, module version = 0.5.0
[   465.951] 	Module class: X.Org Video Driver
[   465.951] 	ABI class: X.Org Video Driver, version 24.1
[   465.951] (II) LoadModule: "vesa"
[   465.951] (II) Loading /usr/lib/xorg/modules/drivers/vesa_drv.so
[   465.951] (II) Module vesa: vendor="X.Org Foundation"
[   465.951] 	compiled for 1.20.9, module version = 2.5.0
[   465.951] 	Module class: X.Org Video Driver
[   465.951] 	ABI class: X.Org Video Driver, version 24.1
[   465.951] (II) modesetting: Driver for Modesetting Kernel Drivers: kms
[   465.951] (II) FBDEV: driver for framebuffer: fbdev
[   465.951] (II) VESA: driver for VESA chipsets: vesa
[   465.951] xf86EnableIOPorts: failed to set IOPL for I/O (Operation not permitted)
[   465.952] (II) modeset(0): using drv /dev/dri/card0
[   465.952] (WW) Falling back to old probe method for fbdev
[   465.952] (II) Loading sub module "fbdevhw"
[   465.952] (II) LoadModule: "fbdevhw"
[   465.952] (II) Loading /usr/lib/xorg/modules/libfbdevhw.so
[   465.952] (II) Module fbdevhw: vendor="X.Org Foundation"
[   465.952] 	compiled for 1.20.10, module version = 0.0.2
[   465.952] 	ABI class: X.Org Video Driver, version 24.1
[   465.952] (WW) VGA arbiter: cannot open kernel arbiter, no multi-card support
[   465.952] (II) modeset(0): Creating default Display subsection in Screen section
	"Default Screen Section" for depth/fbbpp 24/32
[   465.952] (==) modeset(0): Depth 24, (==) framebuffer bpp 32
[   465.952] (==) modeset(0): RGB weight 888
[   465.952] (==) modeset(0): Default visual is TrueColor
[   465.952] (II) Loading sub module "glamoregl"
[   465.952] (II) LoadModule: "glamoregl"
[   465.953] (II) Loading /usr/lib/xorg/modules/libglamoregl.so
[   465.963] (II) Module glamoregl: vendor="X.Org Foundation"
[   465.963] 	compiled for 1.20.10, module version = 1.0.1
[   465.963] 	ABI class: X.Org ANSI C Emulation, version 0.4
[   466.123] (II) modeset(0): Refusing to try glamor on llvmpipe
[   466.125] (EE) modeset(0): glamor initialization failed
[   466.125] (II) modeset(0): ShadowFB: preferred NO, enabled NO
[   466.125] (II) modeset(0): Output Virtual-1 has no monitor section
[   466.125] (II) modeset(0): Output Virtual-2 has no monitor section
[   466.125] (II) modeset(0): Output Virtual-3 has no monitor section
[   466.125] (II) modeset(0): Output Virtual-4 has no monitor section
[   466.125] (II) modeset(0): Output Virtual-5 has no monitor section
[   466.125] (II) modeset(0): Output Virtual-6 has no monitor section
[   466.125] (II) modeset(0): Output Virtual-7 has no monitor section
[   466.125] (II) modeset(0): Output Virtual-8 has no monitor section
[   466.126] (II) modeset(0): EDID for output Virtual-1
[   466.126] (II) modeset(0): Printing probed modes for output Virtual-1
[   466.126] (II) modeset(0): Modeline "preferred"x60.0   64.66  1024 1074 1124 1174  768 818 868 918 -hsync +vsync (55.1 kHz eP)
[   466.126] (II) modeset(0): Modeline "2560x1600"x60.0  348.50  2560 2752 3032 3504  1600 1603 1609 1658 -hsync +vsync (99.5 kHz e)
[   466.126] (II) modeset(0): Modeline "1920x1440"x60.0  234.00  1920 2048 2256 2600  1440 1441 1444 1500 -hsync +vsync (90.0 kHz e)
[   466.126] (II) modeset(0): Modeline "1856x1392"x60.0  218.25  1856 1952 2176 2528  1392 1393 1396 1439 -hsync +vsync (86.3 kHz e)
[   466.126] (II) modeset(0): Modeline "1792x1344"x60.0  204.75  1792 1920 2120 2448  1344 1345 1348 1394 -hsync +vsync (83.6 kHz e)
[   466.126] (II) modeset(0): Modeline "1920x1200"x59.9  193.25  1920 2056 2256 2592  1200 1203 1209 1245 -hsync +vsync (74.6 kHz e)
[   466.126] (II) modeset(0): Modeline "1600x1200"x60.0  162.00  1600 1664 1856 2160  1200 1201 1204 1250 +hsync +vsync (75.0 kHz e)
[   466.126] (II) modeset(0): Modeline "1680x1050"x60.0  146.25  1680 1784 1960 2240  1050 1053 1059 1089 -hsync +vsync (65.3 kHz e)
[   466.126] (II) modeset(0): Modeline "1400x1050"x60.0  121.75  1400 1488 1632 1864  1050 1053 1057 1089 -hsync +vsync (65.3 kHz e)
[   466.126] (II) modeset(0): Modeline "1280x1024"x60.0  108.00  1280 1328 1440 1688  1024 1025 1028 1066 +hsync +vsync (64.0 kHz e)
[   466.127] (II) modeset(0): Modeline "1440x900"x59.9  106.50  1440 1520 1672 1904  900 903 909 934 -hsync +vsync (55.9 kHz e)
[   466.127] (II) modeset(0): Modeline "1280x960"x60.0  108.00  1280 1376 1488 1800  960 961 964 1000 +hsync +vsync (60.0 kHz e)
[   466.127] (II) modeset(0): Modeline "1360x768"x60.0   85.50  1360 1424 1536 1792  768 771 777 795 +hsync +vsync (47.7 kHz e)
[   466.127] (II) modeset(0): Modeline "1280x800"x59.8   83.50  1280 1352 1480 1680  800 803 809 831 +hsync -vsync (49.7 kHz e)
[   466.127] (II) modeset(0): Modeline "1152x864"x75.0  108.00  1152 1216 1344 1600  864 865 868 900 +hsync +vsync (67.5 kHz e)
[   466.127] (II) modeset(0): Modeline "1280x768"x59.9   79.50  1280 1344 1472 1664  768 771 778 798 -hsync +vsync (47.8 kHz e)
[   466.127] (II) modeset(0): Modeline "1024x768"x60.0   65.00  1024 1048 1184 1344  768 771 777 806 -hsync -vsync (48.4 kHz e)
[   466.127] (II) modeset(0): Modeline "800x600"x60.3   40.00  800 840 968 1056  600 601 605 628 +hsync +vsync (37.9 kHz e)
[   466.127] (II) modeset(0): Modeline "640x480"x59.9   25.18  640 656 752 800  480 489 492 525 -hsync -vsync (31.5 kHz e)
[   466.127] (II) modeset(0): EDID for output Virtual-2
[   466.127] (II) modeset(0): EDID for output Virtual-3
[   466.127] (II) modeset(0): EDID for output Virtual-4
[   466.127] (II) modeset(0): EDID for output Virtual-5
[   466.127] (II) modeset(0): EDID for output Virtual-6
[   466.127] (II) modeset(0): EDID for output Virtual-7
[   466.127] (II) modeset(0): EDID for output Virtual-8
[   466.127] (II) modeset(0): Output Virtual-1 connected
[   466.127] (II) modeset(0): Output Virtual-2 disconnected
[   466.127] (II) modeset(0): Output Virtual-3 disconnected
[   466.127] (II) modeset(0): Output Virtual-4 disconnected
[   466.127] (II) modeset(0): Output Virtual-5 disconnected
[   466.127] (II) modeset(0): Output Virtual-6 disconnected
[   466.127] (II) modeset(0): Output Virtual-7 disconnected
[   466.127] (II) modeset(0): Output Virtual-8 disconnected
[   466.127] (II) modeset(0): Using exact sizes for initial modes
[   466.127] (II) modeset(0): Output Virtual-1 using initial mode preferred +0+0
[   466.127] (==) modeset(0): Using gamma correction (1.0, 1.0, 1.0)
[   466.127] (==) modeset(0): DPI set to (96, 96)
[   466.127] (II) Loading sub module "fb"
[   466.127] (II) LoadModule: "fb"
[   466.127] (II) Loading /usr/lib/xorg/modules/libfb.so
[   466.129] (II) Module fb: vendor="X.Org Foundation"
[   466.129] 	compiled for 1.20.10, module version = 1.0.0
[   466.129] 	ABI class: X.Org ANSI C Emulation, version 0.4
[   466.129] (II) UnloadModule: "fbdev"
[   466.129] (II) Unloading fbdev
[   466.129] (II) UnloadSubModule: "fbdevhw"
[   466.129] (II) Unloading fbdevhw
[   466.129] (II) UnloadModule: "vesa"
[   466.129] (II) Unloading vesa
[   466.131] (==) modeset(0): Backing store enabled
[   466.131] (==) modeset(0): Silken mouse disabled
[   466.132] (II) modeset(0): Initializing kms color map for depth 24, 8 bpc.
[   466.132] (==) modeset(0): DPMS enabled
[   466.132] (II) Initializing extension Generic Event Extension
[   466.132] (II) Initializing extension SHAPE
[   466.132] (II) Initializing extension MIT-SHM
[   466.132] (II) Initializing extension XInputExtension
[   466.133] (II) Initializing extension XTEST
[   466.133] (II) Initializing extension BIG-REQUESTS
[   466.133] (II) Initializing extension SYNC
[   466.133] (II) Initializing extension XKEYBOARD
[   466.133] (II) Initializing extension XC-MISC
[   466.133] (II) Initializing extension SECURITY
[   466.133] (II) Initializing extension XFIXES
[   466.133] (II) Initializing extension RENDER
[   466.133] (II) Initializing extension RANDR
[   466.133] (II) Initializing extension COMPOSITE
[   466.133] (II) Initializing extension DAMAGE
[   466.133] (II) Initializing extension MIT-SCREEN-SAVER
[   466.133] (II) Initializing extension DOUBLE-BUFFER
[   466.133] (II) Initializing extension RECORD
[   466.133] (II) Initializing extension DPMS
[   466.133] (II) Initializing extension Present
[   466.133] (II) Initializing extension DRI3
[   466.133] (II) Initializing extension X-Resource
[   466.133] (II) Initializing extension XVideo
[   466.133] (II) Initializing extension XVideo-MotionCompensation
[   466.133] (II) Initializing extension GLX
[   466.133] (II) AIGLX: Screen 0 is not DRI2 capable
[   466.138] (II) IGLX: Loaded and initialized swrast
[   466.138] (II) GLX: Initialized DRISWRAST GL provider for screen 0
[   466.138] (II) Initializing extension XFree86-VidModeExtension
[   466.138] (II) Initializing extension XFree86-DGA
[   466.138] (II) Initializing extension XFree86-DRI
[   466.138] (II) Initializing extension DRI2
[   466.138] (II) modeset(0): Damage tracking initialized
[   466.138] (II) modeset(0): Setting screen physical size to 270 x 203
[   466.251] (II) config/udev: Adding input device Power Button (/dev/input/event0)
[   466.251] (**) Power Button: Applying InputClass "libinput keyboard catchall"
[   466.251] (II) LoadModule: "libinput"
[   466.251] (II) Loading /usr/lib/xorg/modules/input/libinput_drv.so
[   466.258] (II) Module libinput: vendor="X.Org Foundation"
[   466.258] 	compiled for 1.20.8, module version = 0.30.0
[   466.258] 	Module class: X.Org XInput Driver
[   466.258] 	ABI class: X.Org XInput driver, version 24.1
[   466.258] (II) Using input driver 'libinput' for 'Power Button'
[   466.259] (II) systemd-logind: got fd for /dev/input/event0 13:64 fd 13 paused 0
[   466.259] (**) Power Button: always reports core events
[   466.259] (**) Option "Device" "/dev/input/event0"
[   466.259] (**) Option "_source" "server/udev"
[   466.266] (II) event0  - Power Button: is tagged by udev as: Keyboard
[   466.266] (II) event0  - Power Button: device is a keyboard
[   466.266] (II) event0  - Power Button: device removed
[   466.266] (**) Option "config_info" "udev:/sys/devices/LNXSYSTM:00/LNXPWRBN:00/input/input0/event0"
[   466.266] (II) XINPUT: Adding extended input device "Power Button" (type: KEYBOARD, id 6)
[   466.267] (II) event0  - Power Button: is tagged by udev as: Keyboard
[   466.267] (II) event0  - Power Button: device is a keyboard
[   466.268] (II) config/udev: Adding input device Sleep Button (/dev/input/event1)
[   466.268] (**) Sleep Button: Applying InputClass "libinput keyboard catchall"
[   466.268] (II) Using input driver 'libinput' for 'Sleep Button'
[   466.269] (II) systemd-logind: got fd for /dev/input/event1 13:65 fd 16 paused 0
[   466.269] (**) Sleep Button: always reports core events
[   466.269] (**) Option "Device" "/dev/input/event1"
[   466.269] (**) Option "_source" "server/udev"
[   466.270] (II) event1  - Sleep Button: is tagged by udev as: Keyboard
[   466.270] (II) event1  - Sleep Button: device is a keyboard
[   466.270] (II) event1  - Sleep Button: device removed
[   466.270] (**) Option "config_info" "udev:/sys/devices/LNXSYSTM:00/LNXSLPBN:00/input/input1/event1"
[   466.270] (II) XINPUT: Adding extended input device "Sleep Button" (type: KEYBOARD, id 7)
[   466.271] (II) event1  - Sleep Button: is tagged by udev as: Keyboard
[   466.271] (II) event1  - Sleep Button: device is a keyboard
[   466.272] (II) config/udev: Adding input device Video Bus (/dev/input/event5)
[   466.272] (**) Video Bus: Applying InputClass "libinput keyboard catchall"
[   466.272] (II) Using input driver 'libinput' for 'Video Bus'
[   466.272] (II) systemd-logind: got fd for /dev/input/event5 13:69 fd 17 paused 0
[   466.272] (**) Video Bus: always reports core events
[   466.272] (**) Option "Device" "/dev/input/event5"
[   466.272] (**) Option "_source" "server/udev"
[   466.274] (II) event5  - Video Bus: is tagged by udev as: Keyboard
[   466.274] (II) event5  - Video Bus: device is a keyboard
[   466.274] (II) event5  - Video Bus: device removed
[   466.274] (**) Option "config_info" "udev:/sys/devices/LNXSYSTM:00/LNXSYBUS:00/PNP0A03:00/LNXVIDEO:00/input/input6/event5"
[   466.274] (II) XINPUT: Adding extended input device "Video Bus" (type: KEYBOARD, id 8)
[   466.275] (II) event5  - Video Bus: is tagged by udev as: Keyboard
[   466.275] (II) event5  - Video Bus: device is a keyboard
[   466.276] (II) config/udev: Adding input device VirtualBox mouse integration (/dev/input/event6)
[   466.276] (**) VirtualBox mouse integration: Applying InputClass "libinput pointer catchall"
[   466.276] (II) Using input driver 'libinput' for 'VirtualBox mouse integration'
[   466.277] (II) systemd-logind: got fd for /dev/input/event6 13:70 fd 18 paused 0
[   466.277] (**) VirtualBox mouse integration: always reports core events
[   466.277] (**) Option "Device" "/dev/input/event6"
[   466.277] (**) Option "_source" "server/udev"
[   466.278] (II) event6  - VirtualBox mouse integration: is tagged by udev as: Mouse
[   466.278] (II) event6  - VirtualBox mouse integration: device is a pointer
[   466.278] (II) event6  - VirtualBox mouse integration: device removed
[   466.278] (**) Option "config_info" "udev:/sys/devices/pci0000:00/0000:00:04.0/input/input7/event6"
[   466.278] (II) XINPUT: Adding extended input device "VirtualBox mouse integration" (type: MOUSE, id 9)
[   466.279] (**) Option "AccelerationScheme" "none"
[   466.279] (**) VirtualBox mouse integration: (accel) selected scheme none/0
[   466.279] (**) VirtualBox mouse integration: (accel) acceleration factor: 2.000
[   466.279] (**) VirtualBox mouse integration: (accel) acceleration threshold: 4
[   466.279] (II) event6  - VirtualBox mouse integration: is tagged by udev as: Mouse
[   466.280] (II) event6  - VirtualBox mouse integration: device is a pointer
[   466.280] (II) config/udev: Adding input device VirtualBox mouse integration (/dev/input/js1)
[   466.280] (II) No input driver specified, ignoring this device.
[   466.280] (II) This device may have been added with another device file.
[   466.281] (II) config/udev: Adding input device VirtualBox mouse integration (/dev/input/mouse2)
[   466.281] (II) No input driver specified, ignoring this device.
[   466.281] (II) This device may have been added with another device file.
[   466.281] (II) config/udev: Adding input device VirtualBox USB Tablet (/dev/input/event4)
[   466.281] (**) VirtualBox USB Tablet: Applying InputClass "libinput pointer catchall"
[   466.281] (II) Using input driver 'libinput' for 'VirtualBox USB Tablet'
[   466.339] (II) systemd-logind: got fd for /dev/input/event4 13:68 fd 19 paused 0
[   466.339] (**) VirtualBox USB Tablet: always reports core events
[   466.339] (**) Option "Device" "/dev/input/event4"
[   466.339] (**) Option "_source" "server/udev"
[   466.341] (II) event4  - VirtualBox USB Tablet: is tagged by udev as: Mouse
[   466.341] (II) event4  - VirtualBox USB Tablet: device is a pointer
[   466.341] (II) event4  - VirtualBox USB Tablet: device removed
[   466.341] (**) Option "config_info" "udev:/sys/devices/pci0000:00/0000:00:06.0/usb1/1-1/1-1:1.0/0003:80EE:0021.0001/input/input5/event4"
[   466.341] (II) XINPUT: Adding extended input device "VirtualBox USB Tablet" (type: MOUSE, id 10)
[   466.341] (**) Option "AccelerationScheme" "none"
[   466.341] (**) VirtualBox USB Tablet: (accel) selected scheme none/0
[   466.341] (**) VirtualBox USB Tablet: (accel) acceleration factor: 2.000
[   466.341] (**) VirtualBox USB Tablet: (accel) acceleration threshold: 4
[   466.343] (II) event4  - VirtualBox USB Tablet: is tagged by udev as: Mouse
[   466.344] (II) event4  - VirtualBox USB Tablet: device is a pointer
[   466.344] (II) config/udev: Adding input device VirtualBox USB Tablet (/dev/input/js0)
[   466.344] (II) No input driver specified, ignoring this device.
[   466.344] (II) This device may have been added with another device file.
[   466.345] (II) config/udev: Adding input device VirtualBox USB Tablet (/dev/input/mouse1)
[   466.345] (II) No input driver specified, ignoring this device.
[   466.345] (II) This device may have been added with another device file.
[   466.345] (II) config/udev: Adding input device AT Translated Set 2 keyboard (/dev/input/event2)
[   466.345] (**) AT Translated Set 2 keyboard: Applying InputClass "libinput keyboard catchall"
[   466.345] (II) Using input driver 'libinput' for 'AT Translated Set 2 keyboard'
[   466.346] (II) systemd-logind: got fd for /dev/input/event2 13:66 fd 20 paused 0
[   466.346] (**) AT Translated Set 2 keyboard: always reports core events
[   466.346] (**) Option "Device" "/dev/input/event2"
[   466.346] (**) Option "_source" "server/udev"
[   466.348] (II) event2  - AT Translated Set 2 keyboard: is tagged by udev as: Keyboard
[   466.348] (II) event2  - AT Translated Set 2 keyboard: device is a keyboard
[   466.349] (II) event2  - AT Translated Set 2 keyboard: device removed
[   466.349] (**) Option "config_info" "udev:/sys/devices/platform/i8042/serio0/input/input2/event2"
[   466.349] (II) XINPUT: Adding extended input device "AT Translated Set 2 keyboard" (type: KEYBOARD, id 11)
[   466.350] (II) event2  - AT Translated Set 2 keyboard: is tagged by udev as: Keyboard
[   466.350] (II) event2  - AT Translated Set 2 keyboard: device is a keyboard
[   466.351] (II) config/udev: Adding input device ImExPS/2 Generic Explorer Mouse (/dev/input/event3)
[   466.351] (**) ImExPS/2 Generic Explorer Mouse: Applying InputClass "libinput pointer catchall"
[   466.351] (II) Using input driver 'libinput' for 'ImExPS/2 Generic Explorer Mouse'
[   466.352] (II) systemd-logind: got fd for /dev/input/event3 13:67 fd 21 paused 0
[   466.352] (**) ImExPS/2 Generic Explorer Mouse: always reports core events
[   466.352] (**) Option "Device" "/dev/input/event3"
[   466.352] (**) Option "_source" "server/udev"
[   466.353] (II) event3  - ImExPS/2 Generic Explorer Mouse: is tagged by udev as: Mouse
[   466.353] (II) event3  - ImExPS/2 Generic Explorer Mouse: device is a pointer
[   466.354] (II) event3  - ImExPS/2 Generic Explorer Mouse: device removed
[   466.354] (**) Option "config_info" "udev:/sys/devices/platform/i8042/serio1/input/input4/event3"
[   466.354] (II) XINPUT: Adding extended input device "ImExPS/2 Generic Explorer Mouse" (type: MOUSE, id 12)
[   466.354] (**) Option "AccelerationScheme" "none"
[   466.354] (**) ImExPS/2 Generic Explorer Mouse: (accel) selected scheme none/0
[   466.354] (**) ImExPS/2 Generic Explorer Mouse: (accel) acceleration factor: 2.000
[   466.354] (**) ImExPS/2 Generic Explorer Mouse: (accel) acceleration threshold: 4
[   466.355] (II) event3  - ImExPS/2 Generic Explorer Mouse: is tagged by udev as: Mouse
[   466.355] (II) event3  - ImExPS/2 Generic Explorer Mouse: device is a pointer
[   466.356] (II) config/udev: Adding input device ImExPS/2 Generic Explorer Mouse (/dev/input/mouse0)
[   466.356] (II) No input driver specified, ignoring this device.
[   466.356] (II) This device may have been added with another device file.
[   466.356] (II) config/udev: Adding input device PC Speaker (/dev/input/event7)
[   466.356] (II) No input driver specified, ignoring this device.
[   466.356] (II) This device may have been added with another device file.
